{"name":"Error message when Jessica try validate flight to the Despegar website with blank destination","id":"flight-reserve;error-message-when-jessica-try-validate-flight-to-the-despegar-website-with-blank-destination","testSteps":[{"number":1,"description":"Example #1: {originCity\u003dMedellin, date\u003d10}","duration":33944,"startTime":"2019-10-22T09:49:01.592-05:00[America/Bogota]","exception":{"errorType":"net.thucydides.core.webdriver.exceptions.ElementShouldBeEnabledException","message":"Expected enabled element was not enabled","stackTrace":[{"declaringClass":"co.com.accenture.certificacion.despegar.tasks.InsertLessData","methodName":"performAs","fileName":"InsertLessData.java","lineNumber":25},{"declaringClass":"co.com.accenture.certificacion.despegar.stepdefinitions.SelectTheFlightStepDefinition","methodName":"sheInsertAndOfTheFlight","fileName":"SelectTheFlightStepDefinition.java","lineNumber":80},{"declaringClass":"cucumber.runner.Runner","methodName":"runPickle","fileName":"Runner.java","lineNumber":80},{"declaringClass":"org.eclipse.jdt.internal.junit4.runner.JUnit4TestReference","methodName":"run","fileName":"JUnit4TestReference.java","lineNumber":89},{"declaringClass":"org.eclipse.jdt.internal.junit.runner.TestExecution","methodName":"run","fileName":"TestExecution.java","lineNumber":41},{"declaringClass":"org.eclipse.jdt.internal.junit.runner.RemoteTestRunner","methodName":"runTests","fileName":"RemoteTestRunner.java","lineNumber":541},{"declaringClass":"org.eclipse.jdt.internal.junit.runner.RemoteTestRunner","methodName":"runTests","fileName":"RemoteTestRunner.java","lineNumber":763},{"declaringClass":"org.eclipse.jdt.internal.junit.runner.RemoteTestRunner","methodName":"run","fileName":"RemoteTestRunner.java","lineNumber":463},{"declaringClass":"org.eclipse.jdt.internal.junit.runner.RemoteTestRunner","methodName":"main","fileName":"RemoteTestRunner.java","lineNumber":209}],"rootCause":{"errorType":"org.openqa.selenium.TimeoutException","message":"Expected condition failed: waiting for By.xpath: //*[@class\u003d\u0027item -active\u0027] to be enabled (tried for 15 second(s) with 100 milliseconds interval)","stackTrace":[{"declaringClass":"co.com.accenture.certificacion.despegar.tasks.InsertLessData","methodName":"performAs","fileName":"InsertLessData.java","lineNumber":25},{"declaringClass":"co.com.accenture.certificacion.despegar.stepdefinitions.SelectTheFlightStepDefinition","methodName":"sheInsertAndOfTheFlight","fileName":"SelectTheFlightStepDefinition.java","lineNumber":80},{"declaringClass":"cucumber.runner.Runner","methodName":"runPickle","fileName":"Runner.java","lineNumber":80},{"declaringClass":"org.eclipse.jdt.internal.junit4.runner.JUnit4TestReference","methodName":"run","fileName":"JUnit4TestReference.java","lineNumber":89},{"declaringClass":"org.eclipse.jdt.internal.junit.runner.TestExecution","methodName":"run","fileName":"TestExecution.java","lineNumber":41},{"declaringClass":"org.eclipse.jdt.internal.junit.runner.RemoteTestRunner","methodName":"runTests","fileName":"RemoteTestRunner.java","lineNumber":541},{"declaringClass":"org.eclipse.jdt.internal.junit.runner.RemoteTestRunner","methodName":"runTests","fileName":"RemoteTestRunner.java","lineNumber":763},{"declaringClass":"org.eclipse.jdt.internal.junit.runner.RemoteTestRunner","methodName":"run","fileName":"RemoteTestRunner.java","lineNumber":463},{"declaringClass":"org.eclipse.jdt.internal.junit.runner.RemoteTestRunner","methodName":"main","fileName":"RemoteTestRunner.java","lineNumber":209}],"rootCause":{"errorType":"org.openqa.selenium.NoSuchElementException","message":"no such element: Unable to locate element: {\"method\":\"xpath\",\"selector\":\"//*[@class\u003d\u0027item -active\u0027]\"}\n  (Session info: chrome\u003d77.0.3865.120)\n  (Driver info: chromedriver\u003d2.41.578737 (49da6702b16031c40d63e5618de03a32ff6c197e),platform\u003dWindows NT 10.0.15063 x86_64) (WARNING: The server did not provide any stacktrace information)\nCommand duration or timeout: 0 milliseconds\nFor documentation on this error, please visit: http://seleniumhq.org/exceptions/no_such_element.html\nBuild info: version: \u00273.14.0\u0027, revision: \u0027aacccce0\u0027, time: \u00272018-08-02T20:19:58.91Z\u0027\nSystem info: host: \u0027JESSICA\u0027, ip: \u0027192.168.1.105\u0027, os.name: \u0027Windows 10\u0027, os.arch: \u0027amd64\u0027, os.version: \u002710.0\u0027, java.version: \u00271.8.0_211\u0027\nDriver info: org.openqa.selenium.remote.RemoteWebDriver\nCapabilities {acceptInsecureCerts: false, acceptSslCerts: false, applicationCacheEnabled: false, browserConnectionEnabled: false, browserName: chrome, chrome: {chromedriverVersion: 2.41.578737 (49da6702b16031..., userDataDir: C:\\Users\\Jessica\\AppData\\Lo...}, cssSelectorsEnabled: true, databaseEnabled: false, goog:chromeOptions: {debuggerAddress: localhost:65076}, handlesAlerts: true, hasTouchScreen: false, javascriptEnabled: true, locationContextEnabled: true, mobileEmulationEnabled: false, nativeEvents: true, networkConnectionEnabled: false, pageLoadStrategy: normal, platform: XP, platformName: XP, rotatable: false, setWindowRect: true, takesHeapSnapshot: true, takesScreenshot: true, unexpectedAlertBehaviour: , unhandledPromptBehavior: , version: 77.0.3865.120, webStorageEnabled: true}\nSession ID: bcff0a6f37f49384558e4583446a635b\n*** Element info: {Using\u003dxpath, value\u003d//*[@class\u003d\u0027item -active\u0027]}","stackTrace":[{"declaringClass":"co.com.accenture.certificacion.despegar.tasks.InsertLessData","methodName":"performAs","fileName":"InsertLessData.java","lineNumber":25},{"declaringClass":"co.com.accenture.certificacion.despegar.stepdefinitions.SelectTheFlightStepDefinition","methodName":"sheInsertAndOfTheFlight","fileName":"SelectTheFlightStepDefinition.java","lineNumber":80},{"declaringClass":"cucumber.runner.Runner","methodName":"runPickle","fileName":"Runner.java","lineNumber":80},{"declaringClass":"org.eclipse.jdt.internal.junit4.runner.JUnit4TestReference","methodName":"run","fileName":"JUnit4TestReference.java","lineNumber":89},{"declaringClass":"org.eclipse.jdt.internal.junit.runner.TestExecution","methodName":"run","fileName":"TestExecution.java","lineNumber":41},{"declaringClass":"org.eclipse.jdt.internal.junit.runner.RemoteTestRunner","methodName":"runTests","fileName":"RemoteTestRunner.java","lineNumber":541},{"declaringClass":"org.eclipse.jdt.internal.junit.runner.RemoteTestRunner","methodName":"runTests","fileName":"RemoteTestRunner.java","lineNumber":763},{"declaringClass":"org.eclipse.jdt.internal.junit.runner.RemoteTestRunner","methodName":"run","fileName":"RemoteTestRunner.java","lineNumber":463},{"declaringClass":"org.eclipse.jdt.internal.junit.runner.RemoteTestRunner","methodName":"main","fileName":"RemoteTestRunner.java","lineNumber":209}]}}},"result":"FAILURE","precondition":false,"children":[{"number":2,"description":"Given that Jessica wants to look for a one way flight","duration":13715,"startTime":"2019-10-22T09:49:01.592-05:00[America/Bogota]","screenshots":[{"screenshot":"1800029a8099b3d73d5ef43df10d8034730b027efd654945b7266fc5c2a98881.png"}],"result":"SUCCESS","precondition":false,"children":[{"number":3,"description":"Jessica opens the Despegar home","duration":13334,"startTime":"2019-10-22T09:49:01.607-05:00[America/Bogota]","screenshots":[{"screenshot":"1800029a8099b3d73d5ef43df10d8034730b027efd654945b7266fc5c2a98881.png"}],"result":"SUCCESS","precondition":false}]},{"number":4,"description":"When she insert Medellin and 10 of the flight","duration":20213,"startTime":"2019-10-22T09:49:15.307-05:00[America/Bogota]","exception":{"errorType":"net.thucydides.core.webdriver.exceptions.ElementShouldBeEnabledException","message":"Expected enabled element was not enabled","stackTrace":[{"declaringClass":"co.com.accenture.certificacion.despegar.tasks.InsertLessData","methodName":"performAs","fileName":"InsertLessData.java","lineNumber":25},{"declaringClass":"co.com.accenture.certificacion.despegar.stepdefinitions.SelectTheFlightStepDefinition","methodName":"sheInsertAndOfTheFlight","fileName":"SelectTheFlightStepDefinition.java","lineNumber":80},{"declaringClass":"cucumber.runner.Runner","methodName":"runPickle","fileName":"Runner.java","lineNumber":80},{"declaringClass":"org.eclipse.jdt.internal.junit4.runner.JUnit4TestReference","methodName":"run","fileName":"JUnit4TestReference.java","lineNumber":89},{"declaringClass":"org.eclipse.jdt.internal.junit.runner.TestExecution","methodName":"run","fileName":"TestExecution.java","lineNumber":41},{"declaringClass":"org.eclipse.jdt.internal.junit.runner.RemoteTestRunner","methodName":"runTests","fileName":"RemoteTestRunner.java","lineNumber":541},{"declaringClass":"org.eclipse.jdt.internal.junit.runner.RemoteTestRunner","methodName":"runTests","fileName":"RemoteTestRunner.java","lineNumber":763},{"declaringClass":"org.eclipse.jdt.internal.junit.runner.RemoteTestRunner","methodName":"run","fileName":"RemoteTestRunner.java","lineNumber":463},{"declaringClass":"org.eclipse.jdt.internal.junit.runner.RemoteTestRunner","methodName":"main","fileName":"RemoteTestRunner.java","lineNumber":209}],"rootCause":{"errorType":"org.openqa.selenium.TimeoutException","message":"Expected condition failed: waiting for By.xpath: //*[@class\u003d\u0027item -active\u0027] to be enabled (tried for 15 second(s) with 100 milliseconds interval)","stackTrace":[{"declaringClass":"co.com.accenture.certificacion.despegar.tasks.InsertLessData","methodName":"performAs","fileName":"InsertLessData.java","lineNumber":25},{"declaringClass":"co.com.accenture.certificacion.despegar.stepdefinitions.SelectTheFlightStepDefinition","methodName":"sheInsertAndOfTheFlight","fileName":"SelectTheFlightStepDefinition.java","lineNumber":80},{"declaringClass":"cucumber.runner.Runner","methodName":"runPickle","fileName":"Runner.java","lineNumber":80},{"declaringClass":"org.eclipse.jdt.internal.junit4.runner.JUnit4TestReference","methodName":"run","fileName":"JUnit4TestReference.java","lineNumber":89},{"declaringClass":"org.eclipse.jdt.internal.junit.runner.TestExecution","methodName":"run","fileName":"TestExecution.java","lineNumber":41},{"declaringClass":"org.eclipse.jdt.internal.junit.runner.RemoteTestRunner","methodName":"runTests","fileName":"RemoteTestRunner.java","lineNumber":541},{"declaringClass":"org.eclipse.jdt.internal.junit.runner.RemoteTestRunner","methodName":"runTests","fileName":"RemoteTestRunner.java","lineNumber":763},{"declaringClass":"org.eclipse.jdt.internal.junit.runner.RemoteTestRunner","methodName":"run","fileName":"RemoteTestRunner.java","lineNumber":463},{"declaringClass":"org.eclipse.jdt.internal.junit.runner.RemoteTestRunner","methodName":"main","fileName":"RemoteTestRunner.java","lineNumber":209}],"rootCause":{"errorType":"org.openqa.selenium.NoSuchElementException","message":"no such element: Unable to locate element: {\"method\":\"xpath\",\"selector\":\"//*[@class\u003d\u0027item -active\u0027]\"}\n  (Session info: chrome\u003d77.0.3865.120)\n  (Driver info: chromedriver\u003d2.41.578737 (49da6702b16031c40d63e5618de03a32ff6c197e),platform\u003dWindows NT 10.0.15063 x86_64) (WARNING: The server did not provide any stacktrace information)\nCommand duration or timeout: 0 milliseconds\nFor documentation on this error, please visit: http://seleniumhq.org/exceptions/no_such_element.html\nBuild info: version: \u00273.14.0\u0027, revision: \u0027aacccce0\u0027, time: \u00272018-08-02T20:19:58.91Z\u0027\nSystem info: host: \u0027JESSICA\u0027, ip: \u0027192.168.1.105\u0027, os.name: \u0027Windows 10\u0027, os.arch: \u0027amd64\u0027, os.version: \u002710.0\u0027, java.version: \u00271.8.0_211\u0027\nDriver info: org.openqa.selenium.remote.RemoteWebDriver\nCapabilities {acceptInsecureCerts: false, acceptSslCerts: false, applicationCacheEnabled: false, browserConnectionEnabled: false, browserName: chrome, chrome: {chromedriverVersion: 2.41.578737 (49da6702b16031..., userDataDir: C:\\Users\\Jessica\\AppData\\Lo...}, cssSelectorsEnabled: true, databaseEnabled: false, goog:chromeOptions: {debuggerAddress: localhost:65076}, handlesAlerts: true, hasTouchScreen: false, javascriptEnabled: true, locationContextEnabled: true, mobileEmulationEnabled: false, nativeEvents: true, networkConnectionEnabled: false, pageLoadStrategy: normal, platform: XP, platformName: XP, rotatable: false, setWindowRect: true, takesHeapSnapshot: true, takesScreenshot: true, unexpectedAlertBehaviour: , unhandledPromptBehavior: , version: 77.0.3865.120, webStorageEnabled: true}\nSession ID: bcff0a6f37f49384558e4583446a635b\n*** Element info: {Using\u003dxpath, value\u003d//*[@class\u003d\u0027item -active\u0027]}","stackTrace":[{"declaringClass":"co.com.accenture.certificacion.despegar.tasks.InsertLessData","methodName":"performAs","fileName":"InsertLessData.java","lineNumber":25},{"declaringClass":"co.com.accenture.certificacion.despegar.stepdefinitions.SelectTheFlightStepDefinition","methodName":"sheInsertAndOfTheFlight","fileName":"SelectTheFlightStepDefinition.java","lineNumber":80},{"declaringClass":"cucumber.runner.Runner","methodName":"runPickle","fileName":"Runner.java","lineNumber":80},{"declaringClass":"org.eclipse.jdt.internal.junit4.runner.JUnit4TestReference","methodName":"run","fileName":"JUnit4TestReference.java","lineNumber":89},{"declaringClass":"org.eclipse.jdt.internal.junit.runner.TestExecution","methodName":"run","fileName":"TestExecution.java","lineNumber":41},{"declaringClass":"org.eclipse.jdt.internal.junit.runner.RemoteTestRunner","methodName":"runTests","fileName":"RemoteTestRunner.java","lineNumber":541},{"declaringClass":"org.eclipse.jdt.internal.junit.runner.RemoteTestRunner","methodName":"runTests","fileName":"RemoteTestRunner.java","lineNumber":763},{"declaringClass":"org.eclipse.jdt.internal.junit.runner.RemoteTestRunner","methodName":"run","fileName":"RemoteTestRunner.java","lineNumber":463},{"declaringClass":"org.eclipse.jdt.internal.junit.runner.RemoteTestRunner","methodName":"main","fileName":"RemoteTestRunner.java","lineNumber":209}]}}},"result":"FAILURE","precondition":false,"children":[{"number":5,"description":"Jessica clicks on Select the option flight","duration":1115,"startTime":"2019-10-22T09:49:15.354-05:00[America/Bogota]","screenshots":[{"screenshot":"3cfa9413e1a40144faa0b99397d0e81910bb7f0d10f49224e00fc904af0a5830.png"}],"result":"SUCCESS","precondition":false},{"number":6,"description":"Jessica clicks on Select the source city","duration":1540,"startTime":"2019-10-22T09:49:16.469-05:00[America/Bogota]","screenshots":[{"screenshot":"4e69299f494367df94357af7a04d335c074f3153bccda24822b9b21175235b9b.png"}],"result":"SUCCESS","precondition":false},{"number":7,"description":"Jessica enters \u0027Medellin\u0027 into Select the source city","duration":1740,"startTime":"2019-10-22T09:49:18.009-05:00[America/Bogota]","screenshots":[{"screenshot":"27f22ddc0b42d06e11ddca36313e34b43b2adfb9be0d344787cc59ba90dcc2d2.png"}],"result":"SUCCESS","precondition":false},{"number":8,"description":"Jessica clicks on Select the source city","duration":15718,"startTime":"2019-10-22T09:49:19.753-05:00[America/Bogota]","screenshots":[{"screenshot":"820fedeeda9f194b7ddd20529bc85cb1b2503d8af106dfb986386a47c090a938.png","htmlSource":"pagesource720467993396107057.html.txt"}],"exception":{"errorType":"net.thucydides.core.webdriver.exceptions.ElementShouldBeEnabledException","message":"Expected enabled element was not enabled","stackTrace":[{"declaringClass":"co.com.accenture.certificacion.despegar.tasks.InsertLessData","methodName":"performAs","fileName":"InsertLessData.java","lineNumber":25},{"declaringClass":"co.com.accenture.certificacion.despegar.stepdefinitions.SelectTheFlightStepDefinition","methodName":"sheInsertAndOfTheFlight","fileName":"SelectTheFlightStepDefinition.java","lineNumber":80},{"declaringClass":"cucumber.runner.Runner","methodName":"runPickle","fileName":"Runner.java","lineNumber":80},{"declaringClass":"org.eclipse.jdt.internal.junit4.runner.JUnit4TestReference","methodName":"run","fileName":"JUnit4TestReference.java","lineNumber":89},{"declaringClass":"org.eclipse.jdt.internal.junit.runner.TestExecution","methodName":"run","fileName":"TestExecution.java","lineNumber":41},{"declaringClass":"org.eclipse.jdt.internal.junit.runner.RemoteTestRunner","methodName":"runTests","fileName":"RemoteTestRunner.java","lineNumber":541},{"declaringClass":"org.eclipse.jdt.internal.junit.runner.RemoteTestRunner","methodName":"runTests","fileName":"RemoteTestRunner.java","lineNumber":763},{"declaringClass":"org.eclipse.jdt.internal.junit.runner.RemoteTestRunner","methodName":"run","fileName":"RemoteTestRunner.java","lineNumber":463},{"declaringClass":"org.eclipse.jdt.internal.junit.runner.RemoteTestRunner","methodName":"main","fileName":"RemoteTestRunner.java","lineNumber":209}],"rootCause":{"errorType":"org.openqa.selenium.TimeoutException","message":"Expected condition failed: waiting for By.xpath: //*[@class\u003d\u0027item -active\u0027] to be enabled (tried for 15 second(s) with 100 milliseconds interval)","stackTrace":[{"declaringClass":"co.com.accenture.certificacion.despegar.tasks.InsertLessData","methodName":"performAs","fileName":"InsertLessData.java","lineNumber":25},{"declaringClass":"co.com.accenture.certificacion.despegar.stepdefinitions.SelectTheFlightStepDefinition","methodName":"sheInsertAndOfTheFlight","fileName":"SelectTheFlightStepDefinition.java","lineNumber":80},{"declaringClass":"cucumber.runner.Runner","methodName":"runPickle","fileName":"Runner.java","lineNumber":80},{"declaringClass":"org.eclipse.jdt.internal.junit4.runner.JUnit4TestReference","methodName":"run","fileName":"JUnit4TestReference.java","lineNumber":89},{"declaringClass":"org.eclipse.jdt.internal.junit.runner.TestExecution","methodName":"run","fileName":"TestExecution.java","lineNumber":41},{"declaringClass":"org.eclipse.jdt.internal.junit.runner.RemoteTestRunner","methodName":"runTests","fileName":"RemoteTestRunner.java","lineNumber":541},{"declaringClass":"org.eclipse.jdt.internal.junit.runner.RemoteTestRunner","methodName":"runTests","fileName":"RemoteTestRunner.java","lineNumber":763},{"declaringClass":"org.eclipse.jdt.internal.junit.runner.RemoteTestRunner","methodName":"run","fileName":"RemoteTestRunner.java","lineNumber":463},{"declaringClass":"org.eclipse.jdt.internal.junit.runner.RemoteTestRunner","methodName":"main","fileName":"RemoteTestRunner.java","lineNumber":209}],"rootCause":{"errorType":"org.openqa.selenium.NoSuchElementException","message":"no such element: Unable to locate element: {\"method\":\"xpath\",\"selector\":\"//*[@class\u003d\u0027item -active\u0027]\"}\n  (Session info: chrome\u003d77.0.3865.120)\n  (Driver info: chromedriver\u003d2.41.578737 (49da6702b16031c40d63e5618de03a32ff6c197e),platform\u003dWindows NT 10.0.15063 x86_64) (WARNING: The server did not provide any stacktrace information)\nCommand duration or timeout: 0 milliseconds\nFor documentation on this error, please visit: http://seleniumhq.org/exceptions/no_such_element.html\nBuild info: version: \u00273.14.0\u0027, revision: \u0027aacccce0\u0027, time: \u00272018-08-02T20:19:58.91Z\u0027\nSystem info: host: \u0027JESSICA\u0027, ip: \u0027192.168.1.105\u0027, os.name: \u0027Windows 10\u0027, os.arch: \u0027amd64\u0027, os.version: \u002710.0\u0027, java.version: \u00271.8.0_211\u0027\nDriver info: org.openqa.selenium.remote.RemoteWebDriver\nCapabilities {acceptInsecureCerts: false, acceptSslCerts: false, applicationCacheEnabled: false, browserConnectionEnabled: false, browserName: chrome, chrome: {chromedriverVersion: 2.41.578737 (49da6702b16031..., userDataDir: C:\\Users\\Jessica\\AppData\\Lo...}, cssSelectorsEnabled: true, databaseEnabled: false, goog:chromeOptions: {debuggerAddress: localhost:65076}, handlesAlerts: true, hasTouchScreen: false, javascriptEnabled: true, locationContextEnabled: true, mobileEmulationEnabled: false, nativeEvents: true, networkConnectionEnabled: false, pageLoadStrategy: normal, platform: XP, platformName: XP, rotatable: false, setWindowRect: true, takesHeapSnapshot: true, takesScreenshot: true, unexpectedAlertBehaviour: , unhandledPromptBehavior: , version: 77.0.3865.120, webStorageEnabled: true}\nSession ID: bcff0a6f37f49384558e4583446a635b\n*** Element info: {Using\u003dxpath, value\u003d//*[@class\u003d\u0027item -active\u0027]}","stackTrace":[{"declaringClass":"co.com.accenture.certificacion.despegar.tasks.InsertLessData","methodName":"performAs","fileName":"InsertLessData.java","lineNumber":25},{"declaringClass":"co.com.accenture.certificacion.despegar.stepdefinitions.SelectTheFlightStepDefinition","methodName":"sheInsertAndOfTheFlight","fileName":"SelectTheFlightStepDefinition.java","lineNumber":80},{"declaringClass":"cucumber.runner.Runner","methodName":"runPickle","fileName":"Runner.java","lineNumber":80},{"declaringClass":"org.eclipse.jdt.internal.junit4.runner.JUnit4TestReference","methodName":"run","fileName":"JUnit4TestReference.java","lineNumber":89},{"declaringClass":"org.eclipse.jdt.internal.junit.runner.TestExecution","methodName":"run","fileName":"TestExecution.java","lineNumber":41},{"declaringClass":"org.eclipse.jdt.internal.junit.runner.RemoteTestRunner","methodName":"runTests","fileName":"RemoteTestRunner.java","lineNumber":541},{"declaringClass":"org.eclipse.jdt.internal.junit.runner.RemoteTestRunner","methodName":"runTests","fileName":"RemoteTestRunner.java","lineNumber":763},{"declaringClass":"org.eclipse.jdt.internal.junit.runner.RemoteTestRunner","methodName":"run","fileName":"RemoteTestRunner.java","lineNumber":463},{"declaringClass":"org.eclipse.jdt.internal.junit.runner.RemoteTestRunner","methodName":"main","fileName":"RemoteTestRunner.java","lineNumber":209}]}}},"result":"FAILURE","precondition":false}]},{"number":9,"description":"Perform as: Jessica","duration":8,"startTime":"2019-10-22T09:49:35.520-05:00[America/Bogota]","exception":{"errorType":"net.thucydides.core.webdriver.exceptions.ElementShouldBeEnabledException","message":"Expected enabled element was not enabled","stackTrace":[{"declaringClass":"co.com.accenture.certificacion.despegar.tasks.InsertLessData","methodName":"performAs","fileName":"InsertLessData.java","lineNumber":25},{"declaringClass":"co.com.accenture.certificacion.despegar.stepdefinitions.SelectTheFlightStepDefinition","methodName":"sheInsertAndOfTheFlight","fileName":"SelectTheFlightStepDefinition.java","lineNumber":80},{"declaringClass":"cucumber.runner.Runner","methodName":"runPickle","fileName":"Runner.java","lineNumber":80},{"declaringClass":"org.eclipse.jdt.internal.junit4.runner.JUnit4TestReference","methodName":"run","fileName":"JUnit4TestReference.java","lineNumber":89},{"declaringClass":"org.eclipse.jdt.internal.junit.runner.TestExecution","methodName":"run","fileName":"TestExecution.java","lineNumber":41},{"declaringClass":"org.eclipse.jdt.internal.junit.runner.RemoteTestRunner","methodName":"runTests","fileName":"RemoteTestRunner.java","lineNumber":541},{"declaringClass":"org.eclipse.jdt.internal.junit.runner.RemoteTestRunner","methodName":"runTests","fileName":"RemoteTestRunner.java","lineNumber":763},{"declaringClass":"org.eclipse.jdt.internal.junit.runner.RemoteTestRunner","methodName":"run","fileName":"RemoteTestRunner.java","lineNumber":463},{"declaringClass":"org.eclipse.jdt.internal.junit.runner.RemoteTestRunner","methodName":"main","fileName":"RemoteTestRunner.java","lineNumber":209}],"rootCause":{"errorType":"org.openqa.selenium.TimeoutException","message":"Expected condition failed: waiting for By.xpath: //*[@class\u003d\u0027item -active\u0027] to be enabled (tried for 15 second(s) with 100 milliseconds interval)","stackTrace":[{"declaringClass":"co.com.accenture.certificacion.despegar.tasks.InsertLessData","methodName":"performAs","fileName":"InsertLessData.java","lineNumber":25},{"declaringClass":"co.com.accenture.certificacion.despegar.stepdefinitions.SelectTheFlightStepDefinition","methodName":"sheInsertAndOfTheFlight","fileName":"SelectTheFlightStepDefinition.java","lineNumber":80},{"declaringClass":"cucumber.runner.Runner","methodName":"runPickle","fileName":"Runner.java","lineNumber":80},{"declaringClass":"org.eclipse.jdt.internal.junit4.runner.JUnit4TestReference","methodName":"run","fileName":"JUnit4TestReference.java","lineNumber":89},{"declaringClass":"org.eclipse.jdt.internal.junit.runner.TestExecution","methodName":"run","fileName":"TestExecution.java","lineNumber":41},{"declaringClass":"org.eclipse.jdt.internal.junit.runner.RemoteTestRunner","methodName":"runTests","fileName":"RemoteTestRunner.java","lineNumber":541},{"declaringClass":"org.eclipse.jdt.internal.junit.runner.RemoteTestRunner","methodName":"runTests","fileName":"RemoteTestRunner.java","lineNumber":763},{"declaringClass":"org.eclipse.jdt.internal.junit.runner.RemoteTestRunner","methodName":"run","fileName":"RemoteTestRunner.java","lineNumber":463},{"declaringClass":"org.eclipse.jdt.internal.junit.runner.RemoteTestRunner","methodName":"main","fileName":"RemoteTestRunner.java","lineNumber":209}],"rootCause":{"errorType":"org.openqa.selenium.NoSuchElementException","message":"no such element: Unable to locate element: {\"method\":\"xpath\",\"selector\":\"//*[@class\u003d\u0027item -active\u0027]\"}\n  (Session info: chrome\u003d77.0.3865.120)\n  (Driver info: chromedriver\u003d2.41.578737 (49da6702b16031c40d63e5618de03a32ff6c197e),platform\u003dWindows NT 10.0.15063 x86_64) (WARNING: The server did not provide any stacktrace information)\nCommand duration or timeout: 0 milliseconds\nFor documentation on this error, please visit: http://seleniumhq.org/exceptions/no_such_element.html\nBuild info: version: \u00273.14.0\u0027, revision: \u0027aacccce0\u0027, time: \u00272018-08-02T20:19:58.91Z\u0027\nSystem info: host: \u0027JESSICA\u0027, ip: \u0027192.168.1.105\u0027, os.name: \u0027Windows 10\u0027, os.arch: \u0027amd64\u0027, os.version: \u002710.0\u0027, java.version: \u00271.8.0_211\u0027\nDriver info: org.openqa.selenium.remote.RemoteWebDriver\nCapabilities {acceptInsecureCerts: false, acceptSslCerts: false, applicationCacheEnabled: false, browserConnectionEnabled: false, browserName: chrome, chrome: {chromedriverVersion: 2.41.578737 (49da6702b16031..., userDataDir: C:\\Users\\Jessica\\AppData\\Lo...}, cssSelectorsEnabled: true, databaseEnabled: false, goog:chromeOptions: {debuggerAddress: localhost:65076}, handlesAlerts: true, hasTouchScreen: false, javascriptEnabled: true, locationContextEnabled: true, mobileEmulationEnabled: false, nativeEvents: true, networkConnectionEnabled: false, pageLoadStrategy: normal, platform: XP, platformName: XP, rotatable: false, setWindowRect: true, takesHeapSnapshot: true, takesScreenshot: true, unexpectedAlertBehaviour: , unhandledPromptBehavior: , version: 77.0.3865.120, webStorageEnabled: true}\nSession ID: bcff0a6f37f49384558e4583446a635b\n*** Element info: {Using\u003dxpath, value\u003d//*[@class\u003d\u0027item -active\u0027]}","stackTrace":[{"declaringClass":"co.com.accenture.certificacion.despegar.tasks.InsertLessData","methodName":"performAs","fileName":"InsertLessData.java","lineNumber":25},{"declaringClass":"co.com.accenture.certificacion.despegar.stepdefinitions.SelectTheFlightStepDefinition","methodName":"sheInsertAndOfTheFlight","fileName":"SelectTheFlightStepDefinition.java","lineNumber":80},{"declaringClass":"cucumber.runner.Runner","methodName":"runPickle","fileName":"Runner.java","lineNumber":80},{"declaringClass":"org.eclipse.jdt.internal.junit4.runner.JUnit4TestReference","methodName":"run","fileName":"JUnit4TestReference.java","lineNumber":89},{"declaringClass":"org.eclipse.jdt.internal.junit.runner.TestExecution","methodName":"run","fileName":"TestExecution.java","lineNumber":41},{"declaringClass":"org.eclipse.jdt.internal.junit.runner.RemoteTestRunner","methodName":"runTests","fileName":"RemoteTestRunner.java","lineNumber":541},{"declaringClass":"org.eclipse.jdt.internal.junit.runner.RemoteTestRunner","methodName":"runTests","fileName":"RemoteTestRunner.java","lineNumber":763},{"declaringClass":"org.eclipse.jdt.internal.junit.runner.RemoteTestRunner","methodName":"run","fileName":"RemoteTestRunner.java","lineNumber":463},{"declaringClass":"org.eclipse.jdt.internal.junit.runner.RemoteTestRunner","methodName":"main","fileName":"RemoteTestRunner.java","lineNumber":209}]}}},"result":"FAILURE","precondition":false}]},{"number":10,"description":"Then validate the title Ingresa un destino on website","duration":4,"startTime":"2019-10-22T09:49:35.536-05:00[America/Bogota]","result":"SKIPPED","precondition":false}],"userStory":{"id":"flight-reserve","storyName":"Flight reserve","path":"src/test/resources/features/select_the_flight.feature","narrative":"As a web user\nShe wants to reserve a flight\nTo do test using the programming Cucumber and Gherkin.","type":"feature"},"featureTag":{"name":"Features/Flight reserve","type":"feature"},"title":"Error message when Jessica try validate flight to the Despegar website with blank destination","tags":[{"name":"tag2","type":"tag"},{"name":"tag","type":"tag"},{"name":"Flight reserve","type":"feature"}],"startTime":"2019-10-22T09:49:01.592-05:00[America/Bogota]","duration":39606,"testFailureCause":{"errorType":"net.thucydides.core.webdriver.exceptions.ElementShouldBeEnabledException","message":"Expected enabled element was not enabled","stackTrace":[{"declaringClass":"co.com.accenture.certificacion.despegar.tasks.InsertLessData","methodName":"performAs","fileName":"InsertLessData.java","lineNumber":25},{"declaringClass":"co.com.accenture.certificacion.despegar.stepdefinitions.SelectTheFlightStepDefinition","methodName":"sheInsertAndOfTheFlight","fileName":"SelectTheFlightStepDefinition.java","lineNumber":80},{"declaringClass":"cucumber.runner.Runner","methodName":"runPickle","fileName":"Runner.java","lineNumber":80},{"declaringClass":"org.eclipse.jdt.internal.junit4.runner.JUnit4TestReference","methodName":"run","fileName":"JUnit4TestReference.java","lineNumber":89},{"declaringClass":"org.eclipse.jdt.internal.junit.runner.TestExecution","methodName":"run","fileName":"TestExecution.java","lineNumber":41},{"declaringClass":"org.eclipse.jdt.internal.junit.runner.RemoteTestRunner","methodName":"runTests","fileName":"RemoteTestRunner.java","lineNumber":541},{"declaringClass":"org.eclipse.jdt.internal.junit.runner.RemoteTestRunner","methodName":"runTests","fileName":"RemoteTestRunner.java","lineNumber":763},{"declaringClass":"org.eclipse.jdt.internal.junit.runner.RemoteTestRunner","methodName":"run","fileName":"RemoteTestRunner.java","lineNumber":463},{"declaringClass":"org.eclipse.jdt.internal.junit.runner.RemoteTestRunner","methodName":"main","fileName":"RemoteTestRunner.java","lineNumber":209}],"rootCause":{"errorType":"org.openqa.selenium.TimeoutException","message":"Expected condition failed: waiting for By.xpath: //*[@class\u003d\u0027item -active\u0027] to be enabled (tried for 15 second(s) with 100 milliseconds interval)","stackTrace":[{"declaringClass":"co.com.accenture.certificacion.despegar.tasks.InsertLessData","methodName":"performAs","fileName":"InsertLessData.java","lineNumber":25},{"declaringClass":"co.com.accenture.certificacion.despegar.stepdefinitions.SelectTheFlightStepDefinition","methodName":"sheInsertAndOfTheFlight","fileName":"SelectTheFlightStepDefinition.java","lineNumber":80},{"declaringClass":"cucumber.runner.Runner","methodName":"runPickle","fileName":"Runner.java","lineNumber":80},{"declaringClass":"org.eclipse.jdt.internal.junit4.runner.JUnit4TestReference","methodName":"run","fileName":"JUnit4TestReference.java","lineNumber":89},{"declaringClass":"org.eclipse.jdt.internal.junit.runner.TestExecution","methodName":"run","fileName":"TestExecution.java","lineNumber":41},{"declaringClass":"org.eclipse.jdt.internal.junit.runner.RemoteTestRunner","methodName":"runTests","fileName":"RemoteTestRunner.java","lineNumber":541},{"declaringClass":"org.eclipse.jdt.internal.junit.runner.RemoteTestRunner","methodName":"runTests","fileName":"RemoteTestRunner.java","lineNumber":763},{"declaringClass":"org.eclipse.jdt.internal.junit.runner.RemoteTestRunner","methodName":"run","fileName":"RemoteTestRunner.java","lineNumber":463},{"declaringClass":"org.eclipse.jdt.internal.junit.runner.RemoteTestRunner","methodName":"main","fileName":"RemoteTestRunner.java","lineNumber":209}],"rootCause":{"errorType":"org.openqa.selenium.NoSuchElementException","message":"no such element: Unable to locate element: {\"method\":\"xpath\",\"selector\":\"//*[@class\u003d\u0027item -active\u0027]\"}\n  (Session info: chrome\u003d77.0.3865.120)\n  (Driver info: chromedriver\u003d2.41.578737 (49da6702b16031c40d63e5618de03a32ff6c197e),platform\u003dWindows NT 10.0.15063 x86_64) (WARNING: The server did not provide any stacktrace information)\nCommand duration or timeout: 0 milliseconds\nFor documentation on this error, please visit: http://seleniumhq.org/exceptions/no_such_element.html\nBuild info: version: \u00273.14.0\u0027, revision: \u0027aacccce0\u0027, time: \u00272018-08-02T20:19:58.91Z\u0027\nSystem info: host: \u0027JESSICA\u0027, ip: \u0027192.168.1.105\u0027, os.name: \u0027Windows 10\u0027, os.arch: \u0027amd64\u0027, os.version: \u002710.0\u0027, java.version: \u00271.8.0_211\u0027\nDriver info: org.openqa.selenium.remote.RemoteWebDriver\nCapabilities {acceptInsecureCerts: false, acceptSslCerts: false, applicationCacheEnabled: false, browserConnectionEnabled: false, browserName: chrome, chrome: {chromedriverVersion: 2.41.578737 (49da6702b16031..., userDataDir: C:\\Users\\Jessica\\AppData\\Lo...}, cssSelectorsEnabled: true, databaseEnabled: false, goog:chromeOptions: {debuggerAddress: localhost:65076}, handlesAlerts: true, hasTouchScreen: false, javascriptEnabled: true, locationContextEnabled: true, mobileEmulationEnabled: false, nativeEvents: true, networkConnectionEnabled: false, pageLoadStrategy: normal, platform: XP, platformName: XP, rotatable: false, setWindowRect: true, takesHeapSnapshot: true, takesScreenshot: true, unexpectedAlertBehaviour: , unhandledPromptBehavior: , version: 77.0.3865.120, webStorageEnabled: true}\nSession ID: bcff0a6f37f49384558e4583446a635b\n*** Element info: {Using\u003dxpath, value\u003d//*[@class\u003d\u0027item -active\u0027]}","stackTrace":[{"declaringClass":"co.com.accenture.certificacion.despegar.tasks.InsertLessData","methodName":"performAs","fileName":"InsertLessData.java","lineNumber":25},{"declaringClass":"co.com.accenture.certificacion.despegar.stepdefinitions.SelectTheFlightStepDefinition","methodName":"sheInsertAndOfTheFlight","fileName":"SelectTheFlightStepDefinition.java","lineNumber":80},{"declaringClass":"cucumber.runner.Runner","methodName":"runPickle","fileName":"Runner.java","lineNumber":80},{"declaringClass":"org.eclipse.jdt.internal.junit4.runner.JUnit4TestReference","methodName":"run","fileName":"JUnit4TestReference.java","lineNumber":89},{"declaringClass":"org.eclipse.jdt.internal.junit.runner.TestExecution","methodName":"run","fileName":"TestExecution.java","lineNumber":41},{"declaringClass":"org.eclipse.jdt.internal.junit.runner.RemoteTestRunner","methodName":"runTests","fileName":"RemoteTestRunner.java","lineNumber":541},{"declaringClass":"org.eclipse.jdt.internal.junit.runner.RemoteTestRunner","methodName":"runTests","fileName":"RemoteTestRunner.java","lineNumber":763},{"declaringClass":"org.eclipse.jdt.internal.junit.runner.RemoteTestRunner","methodName":"run","fileName":"RemoteTestRunner.java","lineNumber":463},{"declaringClass":"org.eclipse.jdt.internal.junit.runner.RemoteTestRunner","methodName":"main","fileName":"RemoteTestRunner.java","lineNumber":209}]}}},"testFailureClassname":"net.thucydides.core.webdriver.exceptions.ElementShouldBeEnabledException","testFailureMessage":"Expected enabled element was not enabled","testFailureSummary":"FAILURE;net.thucydides.core.webdriver.exceptions.ElementShouldBeEnabledException;Expected enabled element was not enabled;InsertLessData.java","projectKey":"","annotatedResult":"FAILURE","sessionId":"bcff0a6f37f49384558e4583446a635b","driver":"chrome","dataTable":{"headers":["originCity","date"],"rows":[{"values":["Medellin","10"],"result":"FAILURE"}],"predefinedRows":true,"scenarioOutline":"Given that Jessica wants to look for a one way flight\n\rWhen she insert \u003coriginCity\u003e and \u003cdate\u003e of the flight\n\rThen validate the title Ingresa un destino on website\n\r","dataSetDescriptors":[{"startRow":0,"rowCount":0,"name":""}]},"manual":false,"testSource":"Cucumber","actors":[{"name":"Jessica","can":["browse the web with CHROME"]}],"result":"FAILURE","scenarioOutline":"Given that Jessica wants to look for a one way flight\n\rWhen she insert \u003coriginCity\u003e and \u003cdate\u003e of the flight\n\rThen validate the title Ingresa un destino on website\n\r"}